<?xml version="1.0" encoding="UTF-8"?>
<!-- Generated by org.testng.reporters.JUnitReportReporter -->
<testsuite hostname="BLOK-1202RWF-LX" failures="0" tests="3" name="tests.PutPatchDeleteExamples" time="3.518" errors="0" timestamp="2022-04-28T11:44:34 CST" skipped="0">
  <testcase classname="tests.PutPatchDeleteExamples" name="testDelete" time="2.305"/>
  <system-out/>
  <testcase classname="tests.PutPatchDeleteExamples" name="testPatch" time="0.676"/>
  <system-out/>
  <testcase classname="tests.PutPatchDeleteExamples" name="testPut" time="0.537"/>
  <system-out/>
</testsuite> <!-- tests.PutPatchDeleteExamples -->
