<?xml version="1.0" encoding="UTF-8"?>
<!-- Generated by org.testng.reporters.JUnitReportReporter -->
<testsuite hostname="BLOK-1202RWF-LX" failures="0" tests="2" name="tests.GetandPostExamples" time="3.174" errors="0" timestamp="2022-04-28T11:16:06 CST" skipped="0">
  <testcase classname="tests.GetandPostExamples" name="testGet" time="2.433"/>
  <system-out/>
  <testcase classname="tests.GetandPostExamples" name="testPost" time="0.741"/>
  <system-out/>
</testsuite> <!-- tests.GetandPostExamples -->
