<?xml version="1.0" encoding="UTF-8"?>
<!-- Generated by org.testng.reporters.JUnitReportReporter -->
<testsuite hostname="BLOK-1202RWF-LX" failures="0" tests="3" name="tests.TestExamples" time="3.728" errors="0" timestamp="2022-04-27T15:06:30 CST" skipped="0">
  <testcase classname="tests.TestExamples" name="test_1" time="1.864"/>
  <system-out/>
  <testcase classname="tests.TestExamples" name="test_2" time="0.989"/>
  <system-out/>
  <testcase classname="tests.TestExamples" name="test_3" time="0.875"/>
  <system-out/>
</testsuite> <!-- tests.TestExamples -->
